2022-01-14 23:37:49 INFO  ProjectStartupHandler.runActivity(74) - ---------- Project opened ----------
2022-01-14 23:37:49 INFO  ProjectStartupHandler.runActivity(75) - ---------- Version 3.55 ----------

2022-01-14 23:37:49 INFO  ProjectStartupHandler.setAutoscrolls(346) - Autoscrolls successfully set
2022-01-14 23:37:49 INFO  ApacheHttpClient.isSessionAppropriateWithSecretKey(589) - The session is not set in the property file.
2022-01-14 23:37:49 INFO  ApacheHttpClient.login(250) - Waiting for server response.
2022-01-14 23:37:49 INFO  ApacheHttpClient.login(254) - responseCode = 200
2022-01-14 23:37:49 INFO  ApacheHttpClient.login(277) - JSESSIONID OK
2022-01-14 23:37:50 INFO  ApacheHttpClient.refreshUserInfo(305) - responseCode = 200
2022-01-14 23:37:50 INFO  ApacheHttpClient.refreshUserInfo(311) - User information received.
2022-01-14 23:37:50 INFO  ApacheHttpClient.startGA(36) - GAService started.
2022-01-14 23:37:55 INFO  ApacheHttpClient.getWebResourceAsStream(502) - responseCode = 200
2022-01-14 23:37:57 INFO  ApacheHttpClient.getFilteredTasks(336) - responseCode = 200
2022-01-14 23:38:10 INFO  ApacheHttpClient.getFilteredTasks(336) - responseCode = 200
2022-01-14 23:38:33 INFO  ApacheHttpClient.getWebResourceAsStream(502) - responseCode = 200
2022-01-14 23:38:34 INFO  ApacheHttpClient.getFilteredTasks(336) - responseCode = 200
2022-01-14 23:38:36 INFO  ApacheHttpClient.getTaskTemplateInfo(353) - responseCode = 200
2022-01-14 23:38:36 INFO  TaskInfoSelectorMouseListener.createDirectoryRecursive(77) - File created :/Users/user/java/TrainingThings/JavarushPart2/JavaRushTasks/1.JavaSyntax/src/com
2022-01-14 23:38:36 INFO  TaskInfoSelectorMouseListener.createDirectoryRecursive(77) - File created :/Users/user/java/TrainingThings/JavarushPart2/JavaRushTasks/1.JavaSyntax/src/com/javarush
2022-01-14 23:38:36 INFO  TaskInfoSelectorMouseListener.createDirectoryRecursive(77) - File created :/Users/user/java/TrainingThings/JavarushPart2/JavaRushTasks/1.JavaSyntax/src/com/javarush/task
2022-01-14 23:38:36 INFO  TaskInfoSelectorMouseListener.createDirectoryRecursive(77) - File created :/Users/user/java/TrainingThings/JavarushPart2/JavaRushTasks/1.JavaSyntax/src/com/javarush/task/pro
2022-01-14 23:38:36 INFO  TaskInfoSelectorMouseListener.createDirectoryRecursive(77) - File created :/Users/user/java/TrainingThings/JavarushPart2/JavaRushTasks/1.JavaSyntax/src/com/javarush/task/pro/task03
2022-01-14 23:38:36 INFO  TaskInfoSelectorMouseListener.createDirectoryRecursive(77) - File created :/Users/user/java/TrainingThings/JavarushPart2/JavaRushTasks/1.JavaSyntax/src/com/javarush/task/pro/task03/task0302
2022-01-14 23:41:50 INFO  ProjectStartupHandler.projectClosing(155) - ---------- Project closed ----------

2022-01-14 23:41:50 INFO  ApacheHttpClient.getTask(488) - responseCode = 200
2022-01-14 23:41:51 INFO  PluginProjectService.dispose(41) - PluginProjectService for disposed.
2022-01-14 23:43:12 INFO  ProjectStartupHandler.runActivity(74) - ---------- Project opened ----------
2022-01-14 23:43:12 INFO  ProjectStartupHandler.runActivity(75) - ---------- Version 3.55 ----------

2022-01-14 23:43:12 INFO  ProjectStartupHandler.setAutoscrolls(346) - Autoscrolls successfully set
2022-01-14 23:43:13 INFO  ApacheHttpClient.isSessionAppropriateWithSecretKey(602) - Waiting for server response.
2022-01-14 23:43:13 INFO  ApacheHttpClient.refreshUserInfo(305) - responseCode = 200
2022-01-14 23:43:13 INFO  ApacheHttpClient.refreshUserInfo(311) - User information received.
2022-01-14 23:43:13 INFO  ApacheHttpClient.startGA(36) - GAService started.
2022-01-14 23:49:54 INFO  ApacheHttpClient.getWebResourceAsStream(502) - responseCode = 200
2022-01-14 23:49:55 INFO  ApacheHttpClient.getTask(488) - responseCode = 200
2022-01-14 23:49:56 INFO  ApacheHttpClient.completed(32) - responseCode = 200
2022-01-14 23:49:56 INFO  ApacheHttpClient.getTask(488) - responseCode = 200
2022-01-14 23:50:00 INFO  ApacheHttpClient.getWebResourceAsStream(502) - responseCode = 200
2022-01-14 23:50:00 INFO  ApacheHttpClient.getFilteredTasks(336) - responseCode = 200
2022-01-14 23:50:06 INFO  ApacheHttpClient.getTaskTemplateInfo(353) - responseCode = 200
2022-01-14 23:50:06 INFO  TaskInfoSelectorMouseListener.createDirectoryRecursive(77) - File created :/Users/user/java/TrainingThings/JavarushPart2/JavaRushTasks/1.JavaSyntax/src/com/javarush/task/pro/task05
2022-01-14 23:50:06 INFO  TaskInfoSelectorMouseListener.createDirectoryRecursive(77) - File created :/Users/user/java/TrainingThings/JavarushPart2/JavaRushTasks/1.JavaSyntax/src/com/javarush/task/pro/task05/task0521
2022-01-14 23:53:54 INFO  ApacheHttpClient.getWebResourceAsStream(502) - responseCode = 200
2022-01-14 23:53:55 INFO  ApacheHttpClient.getTask(488) - responseCode = 200
2022-01-14 23:53:55 INFO  ApacheHttpClient.completed(32) - responseCode = 200
2022-01-14 23:53:56 INFO  ApacheHttpClient.getTask(488) - responseCode = 200
2022-01-14 23:53:59 INFO  ApacheHttpClient.getWebResourceAsStream(502) - responseCode = 200
2022-01-14 23:53:59 INFO  ApacheHttpClient.getFilteredTasks(336) - responseCode = 200
2022-01-15 13:50:09 INFO  ApacheHttpClient.getWebResourceAsStream(502) - responseCode = 200
2022-01-15 13:50:10 INFO  ApacheHttpClient.getFilteredTasks(336) - responseCode = 200
2022-01-15 13:50:16 INFO  ApacheHttpClient.getFilteredTasks(336) - responseCode = 200
2022-01-15 13:50:19 INFO  ApacheHttpClient.getFilteredTasks(336) - responseCode = 200
2022-01-15 13:50:21 INFO  ApacheHttpClient.getFilteredTasks(336) - responseCode = 200
2022-01-15 13:50:23 INFO  ApacheHttpClient.getFilteredTasks(336) - responseCode = 200
2022-01-15 13:50:26 INFO  ApacheHttpClient.getFilteredTasks(336) - responseCode = 200
2022-01-15 13:50:37 INFO  ApacheHttpClient.getFilteredTasks(336) - responseCode = 200
2022-01-15 13:50:39 INFO  ApacheHttpClient.getTaskTemplateInfo(353) - responseCode = 200
2022-01-15 13:50:39 INFO  TaskInfoSelectorMouseListener.createDirectoryRecursive(77) - File created :/Users/user/java/TrainingThings/JavarushPart2/JavaRushTasks/1.JavaSyntax/src/com/javarush/task/pro/task05/task0501
2022-01-15 13:53:42 INFO  ApacheHttpClient.getWebResourceAsStream(502) - responseCode = 200
2022-01-15 13:53:42 INFO  ApacheHttpClient.getTask(488) - responseCode = 200
2022-01-15 13:53:44 INFO  ApacheHttpClient.completed(32) - responseCode = 200
2022-01-15 13:53:44 INFO  ApacheHttpClient.getTask(488) - responseCode = 200
2022-01-15 14:02:09 INFO  ApacheHttpClient.getWebResourceAsStream(502) - responseCode = 200
2022-01-15 14:02:10 INFO  ApacheHttpClient.getFilteredTasks(336) - responseCode = 200
2022-01-15 14:02:16 INFO  ApacheHttpClient.getTaskTemplateInfo(353) - responseCode = 200
2022-01-15 14:02:16 INFO  TaskInfoSelectorMouseListener.createDirectoryRecursive(77) - File created :/Users/user/java/TrainingThings/JavarushPart2/JavaRushTasks/1.JavaSyntax/src/com/javarush/task/pro/task05/task0502
2022-01-15 14:02:17 INFO  ApacheHttpClient.getTaskTemplateInfo(353) - responseCode = 200
2022-01-15 14:07:30 INFO  ApacheHttpClient.getWebResourceAsStream(502) - responseCode = 200
2022-01-15 14:07:31 INFO  ApacheHttpClient.getTask(488) - responseCode = 200
2022-01-15 14:07:32 INFO  ApacheHttpClient.completed(32) - responseCode = 200
2022-01-15 14:07:32 INFO  ApacheHttpClient.getTask(488) - responseCode = 200
2022-01-15 14:08:05 INFO  ApacheHttpClient.getWebResourceAsStream(502) - responseCode = 200
2022-01-15 14:08:05 INFO  ApacheHttpClient.getFilteredTasks(336) - responseCode = 200
2022-01-15 14:08:10 INFO  ApacheHttpClient.getTaskTemplateInfo(353) - responseCode = 200
2022-01-15 14:08:10 INFO  TaskInfoSelectorMouseListener.createDirectoryRecursive(77) - File created :/Users/user/java/TrainingThings/JavarushPart2/JavaRushTasks/1.JavaSyntax/src/com/javarush/task/pro/task05/task0503
2022-01-15 14:08:10 INFO  ApacheHttpClient.getTask(488) - responseCode = 200
2022-01-15 14:36:23 INFO  ApacheHttpClient.getWebResourceAsStream(502) - responseCode = 200
2022-01-15 14:36:24 INFO  ApacheHttpClient.getTask(488) - responseCode = 200
2022-01-15 14:36:25 INFO  ApacheHttpClient.completed(32) - responseCode = 200
2022-01-15 14:36:25 INFO  ApacheHttpClient.getTask(488) - responseCode = 200
2022-01-15 14:36:35 INFO  ApacheHttpClient.getWebResourceAsStream(502) - responseCode = 200
2022-01-15 14:36:35 INFO  ApacheHttpClient.getFilteredTasks(336) - responseCode = 200
2022-01-15 14:43:43 INFO  ProjectStartupHandler.projectClosing(155) - ---------- Project closed ----------

2022-01-15 14:43:43 INFO  ApacheHttpClient.getTask(488) - responseCode = 200
2022-01-15 14:43:44 INFO  ApacheHttpClient.getTask(488) - responseCode = 200
2022-01-15 14:43:44 INFO  ApacheHttpClient.getTask(488) - responseCode = 200
2022-01-15 14:43:44 INFO  ApacheHttpClient.getTask(488) - responseCode = 200
2022-01-15 14:43:44 INFO  ApacheHttpClient.getTask(488) - responseCode = 200
2022-01-15 14:43:44 INFO  PluginProjectService.dispose(41) - PluginProjectService for disposed.
2022-01-18 23:12:45 INFO  ProjectStartupHandler.runActivity(74) - ---------- Project opened ----------
2022-01-18 23:12:45 INFO  ProjectStartupHandler.runActivity(75) - ---------- Version 3.55 ----------

2022-01-18 23:12:45 INFO  ApacheHttpClient.isSessionAppropriateWithSecretKey(602) - Waiting for server response.
2022-01-18 23:12:45 INFO  ApacheHttpClient.refreshUserInfo(305) - responseCode = 200
2022-01-18 23:12:45 INFO  ApacheHttpClient.refreshUserInfo(311) - User information received.
2022-01-18 23:12:45 INFO  ApacheHttpClient.startGA(36) - GAService started.
2022-01-18 23:15:29 INFO  ApacheHttpClient.getWebResourceAsStream(502) - responseCode = 200
2022-01-18 23:15:30 INFO  ApacheHttpClient.getFilteredTasks(336) - responseCode = 200
2022-01-18 23:15:34 INFO  ApacheHttpClient.getTaskTemplateInfo(353) - responseCode = 200
2022-01-18 23:15:34 INFO  TaskInfoSelectorMouseListener.createDirectoryRecursive(77) - File created :/Users/user/java/TrainingThings/JavarushPart2/JavaRushTasks/1.JavaSyntax/src/com/javarush/task/pro/task05/task0504
2022-01-19 00:12:36 INFO  ApacheHttpClient.getWebResourceAsStream(502) - responseCode = 200
2022-01-19 00:12:36 INFO  ApacheHttpClient.getTask(488) - responseCode = 200
2022-01-19 00:12:37 INFO  ApacheHttpClient.completed(32) - responseCode = 200
2022-01-19 00:12:38 INFO  ApacheHttpClient.getTask(488) - responseCode = 200
2022-01-19 00:12:46 INFO  ApacheHttpClient.getWebResourceAsStream(502) - responseCode = 200
2022-01-19 00:12:47 INFO  ApacheHttpClient.getTask(488) - responseCode = 200
2022-01-19 10:01:29 INFO  ProjectStartupHandler.projectClosing(155) - ---------- Project closed ----------

2022-01-19 10:01:29 INFO  AnalyticsService.run(89) - 
javax.net.ssl.SSLHandshakeException: PKIX path building failed: sun.security.provider.certpath.SunCertPathBuilderException: unable to find valid certification path to requested target
	at java.base/sun.security.ssl.Alert.createSSLException(Alert.java:131)
	at java.base/sun.security.ssl.TransportContext.fatal(TransportContext.java:349)
	at java.base/sun.security.ssl.TransportContext.fatal(TransportContext.java:292)
	at java.base/sun.security.ssl.TransportContext.fatal(TransportContext.java:287)
	at java.base/sun.security.ssl.CertificateMessage$T12CertificateConsumer.checkServerCerts(CertificateMessage.java:654)
	at java.base/sun.security.ssl.CertificateMessage$T12CertificateConsumer.onCertificate(CertificateMessage.java:473)
	at java.base/sun.security.ssl.CertificateMessage$T12CertificateConsumer.consume(CertificateMessage.java:369)
	at java.base/sun.security.ssl.SSLHandshake.consume(SSLHandshake.java:392)
	at java.base/sun.security.ssl.HandshakeContext.dispatch(HandshakeContext.java:443)
	at java.base/sun.security.ssl.HandshakeContext.dispatch(HandshakeContext.java:421)
	at java.base/sun.security.ssl.TransportContext.dispatch(TransportContext.java:182)
	at java.base/sun.security.ssl.SSLTransport.decode(SSLTransport.java:171)
	at java.base/sun.security.ssl.SSLSocketImpl.decode(SSLSocketImpl.java:1408)
	at java.base/sun.security.ssl.SSLSocketImpl.readHandshakeRecord(SSLSocketImpl.java:1314)
	at java.base/sun.security.ssl.SSLSocketImpl.startHandshake(SSLSocketImpl.java:440)
	at java.base/sun.security.ssl.SSLSocketImpl.startHandshake(SSLSocketImpl.java:411)
	at org.apache.http.conn.ssl.SSLConnectionSocketFactory.createLayeredSocket(SSLConnectionSocketFactory.java:394)
	at org.apache.http.conn.ssl.SSLConnectionSocketFactory.connectSocket(SSLConnectionSocketFactory.java:353)
	at org.apache.http.impl.conn.DefaultHttpClientConnectionOperator.connect(DefaultHttpClientConnectionOperator.java:141)
	at org.apache.http.impl.conn.PoolingHttpClientConnectionManager.connect(PoolingHttpClientConnectionManager.java:353)
	at org.apache.http.impl.execchain.MainClientExec.establishRoute(MainClientExec.java:380)
	at org.apache.http.impl.execchain.MainClientExec.execute(MainClientExec.java:236)
	at org.apache.http.impl.execchain.ProtocolExec.execute(ProtocolExec.java:184)
	at org.apache.http.impl.execchain.RetryExec.execute(RetryExec.java:88)
	at org.apache.http.impl.execchain.RedirectExec.execute(RedirectExec.java:110)
	at org.apache.http.impl.client.InternalHttpClient.doExecute(InternalHttpClient.java:184)
	at org.apache.http.impl.client.CloseableHttpClient.execute(CloseableHttpClient.java:82)
	at org.apache.http.impl.client.CloseableHttpClient.execute(CloseableHttpClient.java:107)
	at com.homework.plugin.analytics.AnalyticsService$1.run(AnalyticsService.java:82)
	at java.base/java.util.concurrent.ThreadPoolExecutor.runWorker(ThreadPoolExecutor.java:1128)
	at java.base/java.util.concurrent.ThreadPoolExecutor$Worker.run(ThreadPoolExecutor.java:628)
	at java.base/java.lang.Thread.run(Thread.java:834)
Caused by: sun.security.validator.ValidatorException: PKIX path building failed: sun.security.provider.certpath.SunCertPathBuilderException: unable to find valid certification path to requested target
	at java.base/sun.security.validator.PKIXValidator.doBuild(PKIXValidator.java:439)
	at java.base/sun.security.validator.PKIXValidator.engineValidate(PKIXValidator.java:306)
	at java.base/sun.security.validator.Validator.validate(Validator.java:264)
	at java.base/sun.security.ssl.X509TrustManagerImpl.validate(X509TrustManagerImpl.java:313)
	at java.base/sun.security.ssl.X509TrustManagerImpl.checkTrusted(X509TrustManagerImpl.java:222)
	at java.base/sun.security.ssl.X509TrustManagerImpl.checkServerTrusted(X509TrustManagerImpl.java:129)
	at java.base/sun.security.ssl.CertificateMessage$T12CertificateConsumer.checkServerCerts(CertificateMessage.java:638)
	... 27 more
Caused by: sun.security.provider.certpath.SunCertPathBuilderException: unable to find valid certification path to requested target
	at java.base/sun.security.provider.certpath.SunCertPathBuilder.build(SunCertPathBuilder.java:141)
	at java.base/sun.security.provider.certpath.SunCertPathBuilder.engineBuild(SunCertPathBuilder.java:126)
	at java.base/java.security.cert.CertPathBuilder.build(CertPathBuilder.java:297)
	at java.base/sun.security.validator.PKIXValidator.doBuild(PKIXValidator.java:434)
	... 33 more
2022-01-19 10:01:29 INFO  ApacheHttpClient.getTask(488) - responseCode = 200
2022-01-19 10:01:30 INFO  PluginProjectService.dispose(41) - PluginProjectService for disposed.
2022-01-22 16:34:54 INFO  ProjectStartupHandler.runActivity(74) - ---------- Project opened ----------
2022-01-22 16:34:54 INFO  ProjectStartupHandler.runActivity(75) - ---------- Version 3.55 ----------

2022-01-22 16:34:54 INFO  ApacheHttpClient.isSessionAppropriateWithSecretKey(602) - Waiting for server response.
2022-01-22 16:34:54 INFO  ApacheHttpClient.refreshUserInfo(305) - responseCode = 200
2022-01-22 16:34:54 INFO  ApacheHttpClient.refreshUserInfo(311) - User information received.
2022-01-22 16:34:54 INFO  ApacheHttpClient.startGA(36) - GAService started.
2022-01-23 14:32:08 INFO  ApacheHttpClient.getWebResourceAsStream(502) - responseCode = 200
2022-01-23 14:32:08 INFO  ApacheHttpClient.getFilteredTasks(336) - responseCode = 200
2022-01-23 14:32:58 INFO  ApacheHttpClient.getWebResourceAsStream(502) - responseCode = 200
2022-01-23 14:32:58 INFO  ApacheHttpClient.getFilteredTasks(336) - responseCode = 200
2022-01-23 14:33:04 INFO  ApacheHttpClient.getTaskTemplateInfo(353) - responseCode = 200
2022-01-23 14:33:04 INFO  TaskInfoSelectorMouseListener.createDirectoryRecursive(77) - File created :/Users/user/java/TrainingThings/JavarushPart2/JavaRushTasks/1.JavaSyntax/src/com/javarush/task/pro/task05/task0505
2022-01-23 14:48:36 INFO  ApacheHttpClient.getWebResourceAsStream(502) - responseCode = 200
2022-01-23 14:48:37 INFO  ApacheHttpClient.getTask(488) - responseCode = 200
2022-01-23 14:48:38 INFO  ApacheHttpClient.completed(32) - responseCode = 200
2022-01-23 14:48:39 INFO  ApacheHttpClient.getTask(488) - responseCode = 200
2022-01-23 14:48:43 INFO  ApacheHttpClient.getWebResourceAsStream(502) - responseCode = 200
2022-01-23 14:48:44 INFO  ApacheHttpClient.getTask(488) - responseCode = 200
2022-01-23 14:49:58 INFO  ApacheHttpClient.getWebResourceAsStream(502) - responseCode = 200
2022-01-23 14:49:58 INFO  ApacheHttpClient.getFilteredTasks(336) - responseCode = 200
2022-01-23 14:51:20 INFO  ApacheHttpClient.getWebResourceAsStream(502) - responseCode = 200
2022-01-23 14:51:20 INFO  ApacheHttpClient.getFilteredTasks(336) - responseCode = 200
2022-01-23 14:51:23 INFO  ApacheHttpClient.getTaskTemplateInfo(353) - responseCode = 200
2022-01-23 14:51:23 INFO  TaskInfoSelectorMouseListener.createDirectoryRecursive(77) - File created :/Users/user/java/TrainingThings/JavarushPart2/JavaRushTasks/1.JavaSyntax/src/com/javarush/task/pro/task05/task0506
2022-01-23 14:51:24 INFO  ApacheHttpClient.getTask(488) - responseCode = 200
2022-01-23 14:58:41 INFO  ApacheHttpClient.getWebResourceAsStream(502) - responseCode = 200
2022-01-23 14:58:42 INFO  ApacheHttpClient.completed(32) - responseCode = 200
2022-01-23 14:58:42 INFO  ApacheHttpClient.getTask(488) - responseCode = 200
2022-01-23 15:00:05 INFO  ApacheHttpClient.getWebResourceAsStream(502) - responseCode = 200
2022-01-23 15:00:06 INFO  ApacheHttpClient.completed(32) - responseCode = 200
2022-01-23 15:00:07 INFO  ApacheHttpClient.getTask(488) - responseCode = 200
2022-01-23 15:00:29 INFO  ApacheHttpClient.getWebResourceAsStream(502) - responseCode = 200
2022-01-23 15:00:29 INFO  ApacheHttpClient.getTask(488) - responseCode = 200
2022-01-23 15:00:30 INFO  ApacheHttpClient.completed(32) - responseCode = 200
2022-01-23 15:01:49 INFO  ApacheHttpClient.getWebResourceAsStream(502) - responseCode = 200
2022-01-23 15:01:51 INFO  ApacheHttpClient.completed(32) - responseCode = 200
2022-01-23 15:01:51 INFO  ApacheHttpClient.getTask(488) - responseCode = 200
2022-01-23 15:01:52 INFO  ApacheHttpClient.getTask(488) - responseCode = 200
2022-01-23 15:02:38 INFO  ApacheHttpClient.getWebResourceAsStream(502) - responseCode = 200
2022-01-23 15:02:38 INFO  ApacheHttpClient.getFilteredTasks(336) - responseCode = 200
2022-01-23 15:02:41 INFO  ApacheHttpClient.getTaskTemplateInfo(353) - responseCode = 200
2022-01-23 15:02:41 INFO  TaskInfoSelectorMouseListener.createDirectoryRecursive(77) - File created :/Users/user/java/TrainingThings/JavarushPart2/JavaRushTasks/1.JavaSyntax/src/com/javarush/task/pro/task05/task0507
2022-01-23 15:02:41 INFO  ApacheHttpClient.getTask(488) - responseCode = 200
2022-01-23 15:05:20 INFO  ApacheHttpClient.getWebResourceAsStream(502) - responseCode = 200
2022-01-23 15:05:20 INFO  ApacheHttpClient.getTask(488) - responseCode = 200
2022-01-23 15:05:22 INFO  ApacheHttpClient.completed(32) - responseCode = 200
2022-01-23 15:05:22 INFO  ApacheHttpClient.getTask(488) - responseCode = 200
2022-01-23 15:08:55 INFO  ApacheHttpClient.getWebResourceAsStream(502) - responseCode = 200
2022-01-23 15:08:55 INFO  ApacheHttpClient.getFilteredTasks(336) - responseCode = 200
2022-01-23 15:08:57 INFO  ApacheHttpClient.getTaskTemplateInfo(353) - responseCode = 200
2022-01-23 15:08:57 INFO  TaskInfoSelectorMouseListener.createDirectoryRecursive(77) - File created :/Users/user/java/TrainingThings/JavarushPart2/JavaRushTasks/1.JavaSyntax/src/com/javarush/task/pro/task05/task0508
2022-01-23 15:08:58 INFO  ApacheHttpClient.getTask(488) - responseCode = 200
2022-01-23 15:08:58 INFO  ApacheHttpClient.getTaskTemplateInfo(353) - responseCode = 200
2022-01-23 16:16:15 INFO  ApacheHttpClient.getWebResourceAsStream(502) - responseCode = 200
2022-01-23 16:16:17 INFO  ApacheHttpClient.getTask(488) - responseCode = 200
2022-01-23 16:16:17 INFO  ApacheHttpClient.completed(32) - responseCode = 200
2022-01-23 16:17:01 INFO  ApacheHttpClient.getWebResourceAsStream(502) - responseCode = 200
2022-01-23 16:17:01 INFO  ApacheHttpClient.getTask(488) - responseCode = 200
2022-01-23 16:17:03 INFO  ApacheHttpClient.completed(32) - responseCode = 200
2022-01-23 16:17:03 INFO  ApacheHttpClient.getTask(488) - responseCode = 200
2022-01-23 16:17:14 INFO  ApacheHttpClient.getWebResourceAsStream(502) - responseCode = 200
2022-01-23 16:17:14 WARN  PluginUtil.getCurrentTask(78) - Error while retrieving the task key.
java.lang.StringIndexOutOfBoundsException: String index out of range: -1
	at java.base/java.lang.String.substring(String.java:1837)
	at com.homework.plugin.PluginUtil.getCurrentVirtualFile(PluginUtil.java:158)
	at com.homework.plugin.PluginUtil.getCurrentTask(PluginUtil.java:69)
	at com.homework.plugin.button.ForumButton.actionPerformed(ForumButton.java:47)
	at com.intellij.openapi.actionSystem.ex.ActionUtil.performActionDumbAware(ActionUtil.java:281)
	at com.intellij.openapi.actionSystem.impl.ActionButton.actionPerformed(ActionButton.java:209)
	at com.intellij.openapi.actionSystem.impl.ActionButton.performAction(ActionButton.java:177)
	at com.intellij.openapi.actionSystem.impl.ActionButton.performAction(ActionButton.java:160)
	at com.intellij.openapi.actionSystem.impl.ActionButton.processMouseEvent(ActionButton.java:477)
	at java.desktop/java.awt.Component.processEvent(Component.java:6417)
	at java.desktop/java.awt.Container.processEvent(Container.java:2263)
	at java.desktop/java.awt.Component.dispatchEventImpl(Component.java:5027)
	at java.desktop/java.awt.Container.dispatchEventImpl(Container.java:2321)
	at java.desktop/java.awt.Component.dispatchEvent(Component.java:4859)
	at java.desktop/java.awt.LightweightDispatcher.retargetMouseEvent(Container.java:4918)
	at java.desktop/java.awt.LightweightDispatcher.processMouseEvent(Container.java:4547)
	at java.desktop/java.awt.LightweightDispatcher.dispatchEvent(Container.java:4488)
	at java.desktop/java.awt.Container.dispatchEventImpl(Container.java:2307)
	at java.desktop/java.awt.Window.dispatchEventImpl(Window.java:2780)
	at java.desktop/java.awt.Component.dispatchEvent(Component.java:4859)
	at java.desktop/java.awt.EventQueue.dispatchEventImpl(EventQueue.java:778)
	at java.desktop/java.awt.EventQueue$4.run(EventQueue.java:727)
	at java.desktop/java.awt.EventQueue$4.run(EventQueue.java:721)
	at java.base/java.security.AccessController.doPrivileged(Native Method)
	at java.base/java.security.ProtectionDomain$JavaSecurityAccessImpl.doIntersectionPrivilege(ProtectionDomain.java:85)
	at java.base/java.security.ProtectionDomain$JavaSecurityAccessImpl.doIntersectionPrivilege(ProtectionDomain.java:95)
	at java.desktop/java.awt.EventQueue$5.run(EventQueue.java:751)
	at java.desktop/java.awt.EventQueue$5.run(EventQueue.java:749)
	at java.base/java.security.AccessController.doPrivileged(Native Method)
	at java.base/java.security.ProtectionDomain$JavaSecurityAccessImpl.doIntersectionPrivilege(ProtectionDomain.java:85)
	at java.desktop/java.awt.EventQueue.dispatchEvent(EventQueue.java:748)
	at com.intellij.ide.IdeEventQueue.defaultDispatchEvent(IdeEventQueue.java:976)
	at com.intellij.ide.IdeEventQueue.dispatchMouseEvent(IdeEventQueue.java:911)
	at com.intellij.ide.IdeEventQueue._dispatchEvent(IdeEventQueue.java:840)
	at com.intellij.ide.IdeEventQueue.lambda$dispatchEvent$8(IdeEventQueue.java:454)
	at com.intellij.openapi.progress.impl.CoreProgressManager.computePrioritized(CoreProgressManager.java:773)
	at com.intellij.ide.IdeEventQueue.lambda$dispatchEvent$9(IdeEventQueue.java:453)
	at com.intellij.openapi.application.impl.ApplicationImpl.runIntendedWriteActionOnCurrentThread(ApplicationImpl.java:822)
	at com.intellij.ide.IdeEventQueue.dispatchEvent(IdeEventQueue.java:507)
	at java.desktop/java.awt.EventDispatchThread.pumpOneEventForFilters(EventDispatchThread.java:203)
	at java.desktop/java.awt.EventDispatchThread.pumpEventsForFilter(EventDispatchThread.java:124)
	at java.desktop/java.awt.EventDispatchThread.pumpEventsForHierarchy(EventDispatchThread.java:113)
	at java.desktop/java.awt.EventDispatchThread.pumpEvents(EventDispatchThread.java:109)
	at java.desktop/java.awt.EventDispatchThread.pumpEvents(EventDispatchThread.java:101)
	at java.desktop/java.awt.EventDispatchThread.run(EventDispatchThread.java:90)
2022-01-23 16:17:14 INFO  ApacheHttpClient.getTask(488) - responseCode = 200
2022-01-23 16:20:54 INFO  ApacheHttpClient.getWebResourceAsStream(502) - responseCode = 200
2022-01-23 16:20:55 INFO  ApacheHttpClient.completed(32) - responseCode = 400
2022-01-23 16:20:56 INFO  ApacheHttpClient.getTask(488) - responseCode = 200
2022-01-23 16:20:56 WARN  TaskCompleted.run(74) - You already completed this task: "Удаляем одинаковые строки"
com.homework.plugin.analytics.PluginWarningException: warning
	at com.homework.plugin.callback.TaskCompleted.run(TaskCompleted.java:74)
	at com.intellij.openapi.application.TransactionGuardImpl.runWithWritingAllowed(TransactionGuardImpl.java:216)
	at com.intellij.openapi.application.TransactionGuardImpl.access$200(TransactionGuardImpl.java:24)
	at com.intellij.openapi.application.TransactionGuardImpl$2.run(TransactionGuardImpl.java:199)
	at com.intellij.openapi.application.impl.ApplicationImpl.runIntendedWriteActionOnCurrentThread(ApplicationImpl.java:822)
	at com.intellij.openapi.application.impl.ApplicationImpl.lambda$invokeLater$4(ApplicationImpl.java:324)
	at com.intellij.openapi.application.impl.FlushQueue.doRun(FlushQueue.java:85)
	at com.intellij.openapi.application.impl.FlushQueue.runNextEvent(FlushQueue.java:134)
	at com.intellij.openapi.application.impl.FlushQueue.flushNow(FlushQueue.java:47)
	at com.intellij.openapi.application.impl.FlushQueue$FlushNow.run(FlushQueue.java:190)
	at java.desktop/java.awt.event.InvocationEvent.dispatch(InvocationEvent.java:313)
	at java.desktop/java.awt.EventQueue.dispatchEventImpl(EventQueue.java:776)
	at java.desktop/java.awt.EventQueue$4.run(EventQueue.java:727)
	at java.desktop/java.awt.EventQueue$4.run(EventQueue.java:721)
	at java.base/java.security.AccessController.doPrivileged(Native Method)
	at java.base/java.security.ProtectionDomain$JavaSecurityAccessImpl.doIntersectionPrivilege(ProtectionDomain.java:85)
	at java.desktop/java.awt.EventQueue.dispatchEvent(EventQueue.java:746)
	at com.intellij.ide.IdeEventQueue.defaultDispatchEvent(IdeEventQueue.java:976)
	at com.intellij.ide.IdeEventQueue._dispatchEvent(IdeEventQueue.java:843)
	at com.intellij.ide.IdeEventQueue.lambda$dispatchEvent$8(IdeEventQueue.java:454)
	at com.intellij.openapi.progress.impl.CoreProgressManager.computePrioritized(CoreProgressManager.java:773)
	at com.intellij.ide.IdeEventQueue.lambda$dispatchEvent$9(IdeEventQueue.java:453)
	at com.intellij.openapi.application.impl.ApplicationImpl.runIntendedWriteActionOnCurrentThread(ApplicationImpl.java:822)
	at com.intellij.ide.IdeEventQueue.dispatchEvent(IdeEventQueue.java:501)
	at java.desktop/java.awt.EventDispatchThread.pumpOneEventForFilters(EventDispatchThread.java:203)
	at java.desktop/java.awt.EventDispatchThread.pumpEventsForFilter(EventDispatchThread.java:124)
	at java.desktop/java.awt.EventDispatchThread.pumpEventsForHierarchy(EventDispatchThread.java:113)
	at java.desktop/java.awt.EventDispatchThread.pumpEvents(EventDispatchThread.java:109)
	at java.desktop/java.awt.EventDispatchThread.pumpEvents(EventDispatchThread.java:101)
	at java.desktop/java.awt.EventDispatchThread.run(EventDispatchThread.java:90)
2022-01-23 16:37:46 INFO  ApacheHttpClient.getWebResourceAsStream(502) - responseCode = 200
2022-01-23 16:37:47 INFO  ApacheHttpClient.getFilteredTasks(336) - responseCode = 200
2022-01-23 16:45:14 INFO  ApacheHttpClient.getWebResourceAsStream(502) - responseCode = 200
2022-01-23 16:45:14 INFO  ApacheHttpClient.getFilteredTasks(336) - responseCode = 200
2022-01-23 16:45:16 INFO  ApacheHttpClient.getTaskTemplateInfo(353) - responseCode = 200
2022-01-23 16:45:16 INFO  TaskInfoSelectorMouseListener.createDirectoryRecursive(77) - File created :/Users/user/java/TrainingThings/JavarushPart2/JavaRushTasks/1.JavaSyntax/src/com/javarush/task/pro/task05/task0509
2022-01-23 16:45:16 INFO  ApacheHttpClient.getTask(488) - responseCode = 200
2022-01-23 17:17:15 INFO  ApacheHttpClient.getWebResourceAsStream(502) - responseCode = 200
2022-01-23 17:17:17 INFO  ApacheHttpClient.getTask(488) - responseCode = 200
2022-01-23 17:17:17 INFO  ApacheHttpClient.completed(32) - responseCode = 200
2022-01-23 17:17:18 INFO  ApacheHttpClient.getTask(488) - responseCode = 200
2022-01-23 17:17:24 INFO  ApacheHttpClient.getWebResourceAsStream(502) - responseCode = 200
2022-01-23 17:17:24 WARN  PluginUtil.getCurrentTask(78) - Error while retrieving the task key.
java.lang.StringIndexOutOfBoundsException: String index out of range: -1
	at java.base/java.lang.String.substring(String.java:1837)
	at com.homework.plugin.PluginUtil.getCurrentVirtualFile(PluginUtil.java:158)
	at com.homework.plugin.PluginUtil.getCurrentTask(PluginUtil.java:69)
	at com.homework.plugin.button.ForumButton.actionPerformed(ForumButton.java:47)
	at com.intellij.openapi.actionSystem.ex.ActionUtil.performActionDumbAware(ActionUtil.java:281)
	at com.intellij.openapi.actionSystem.impl.ActionButton.actionPerformed(ActionButton.java:209)
	at com.intellij.openapi.actionSystem.impl.ActionButton.performAction(ActionButton.java:177)
	at com.intellij.openapi.actionSystem.impl.ActionButton.performAction(ActionButton.java:160)
	at com.intellij.openapi.actionSystem.impl.ActionButton.processMouseEvent(ActionButton.java:477)
	at java.desktop/java.awt.Component.processEvent(Component.java:6417)
	at java.desktop/java.awt.Container.processEvent(Container.java:2263)
	at java.desktop/java.awt.Component.dispatchEventImpl(Component.java:5027)
	at java.desktop/java.awt.Container.dispatchEventImpl(Container.java:2321)
	at java.desktop/java.awt.Component.dispatchEvent(Component.java:4859)
	at java.desktop/java.awt.LightweightDispatcher.retargetMouseEvent(Container.java:4918)
	at java.desktop/java.awt.LightweightDispatcher.processMouseEvent(Container.java:4547)
	at java.desktop/java.awt.LightweightDispatcher.dispatchEvent(Container.java:4488)
	at java.desktop/java.awt.Container.dispatchEventImpl(Container.java:2307)
	at java.desktop/java.awt.Window.dispatchEventImpl(Window.java:2780)
	at java.desktop/java.awt.Component.dispatchEvent(Component.java:4859)
	at java.desktop/java.awt.EventQueue.dispatchEventImpl(EventQueue.java:778)
	at java.desktop/java.awt.EventQueue$4.run(EventQueue.java:727)
	at java.desktop/java.awt.EventQueue$4.run(EventQueue.java:721)
	at java.base/java.security.AccessController.doPrivileged(Native Method)
	at java.base/java.security.ProtectionDomain$JavaSecurityAccessImpl.doIntersectionPrivilege(ProtectionDomain.java:85)
	at java.base/java.security.ProtectionDomain$JavaSecurityAccessImpl.doIntersectionPrivilege(ProtectionDomain.java:95)
	at java.desktop/java.awt.EventQueue$5.run(EventQueue.java:751)
	at java.desktop/java.awt.EventQueue$5.run(EventQueue.java:749)
	at java.base/java.security.AccessController.doPrivileged(Native Method)
	at java.base/java.security.ProtectionDomain$JavaSecurityAccessImpl.doIntersectionPrivilege(ProtectionDomain.java:85)
	at java.desktop/java.awt.EventQueue.dispatchEvent(EventQueue.java:748)
	at com.intellij.ide.IdeEventQueue.defaultDispatchEvent(IdeEventQueue.java:976)
	at com.intellij.ide.IdeEventQueue.dispatchMouseEvent(IdeEventQueue.java:911)
	at com.intellij.ide.IdeEventQueue._dispatchEvent(IdeEventQueue.java:840)
	at com.intellij.ide.IdeEventQueue.lambda$dispatchEvent$8(IdeEventQueue.java:454)
	at com.intellij.openapi.progress.impl.CoreProgressManager.computePrioritized(CoreProgressManager.java:773)
	at com.intellij.ide.IdeEventQueue.lambda$dispatchEvent$9(IdeEventQueue.java:453)
	at com.intellij.openapi.application.impl.ApplicationImpl.runIntendedWriteActionOnCurrentThread(ApplicationImpl.java:822)
	at com.intellij.ide.IdeEventQueue.dispatchEvent(IdeEventQueue.java:507)
	at java.desktop/java.awt.EventDispatchThread.pumpOneEventForFilters(EventDispatchThread.java:203)
	at java.desktop/java.awt.EventDispatchThread.pumpEventsForFilter(EventDispatchThread.java:124)
	at java.desktop/java.awt.EventDispatchThread.pumpEventsForHierarchy(EventDispatchThread.java:113)
	at java.desktop/java.awt.EventDispatchThread.pumpEvents(EventDispatchThread.java:109)
	at java.desktop/java.awt.EventDispatchThread.pumpEvents(EventDispatchThread.java:101)
	at java.desktop/java.awt.EventDispatchThread.run(EventDispatchThread.java:90)
2022-01-23 17:17:24 INFO  ApacheHttpClient.getTask(488) - responseCode = 200
2022-01-23 18:01:38 INFO  ApacheHttpClient.getWebResourceAsStream(502) - responseCode = 200
2022-01-23 18:01:38 INFO  ApacheHttpClient.getFilteredTasks(336) - responseCode = 200
2022-01-23 18:01:41 INFO  ApacheHttpClient.getTaskTemplateInfo(353) - responseCode = 200
2022-01-23 18:01:41 INFO  TaskInfoSelectorMouseListener.createDirectoryRecursive(77) - File created :/Users/user/java/TrainingThings/JavarushPart2/JavaRushTasks/1.JavaSyntax/src/com/javarush/task/pro/task05/task0510
2022-01-23 18:01:41 INFO  ApacheHttpClient.getTask(488) - responseCode = 200
2022-01-23 18:09:09 INFO  ApacheHttpClient.getWebResourceAsStream(502) - responseCode = 200
2022-01-23 18:09:10 INFO  ApacheHttpClient.getTask(488) - responseCode = 200
2022-01-23 18:09:11 INFO  ApacheHttpClient.completed(32) - responseCode = 200
2022-01-23 18:09:11 INFO  ApacheHttpClient.getTask(488) - responseCode = 200
2022-01-23 18:09:18 INFO  ApacheHttpClient.getWebResourceAsStream(502) - responseCode = 200
2022-01-23 18:09:18 INFO  ApacheHttpClient.getFilteredTasks(336) - responseCode = 200
2022-01-23 18:09:20 INFO  ApacheHttpClient.getTaskTemplateInfo(353) - responseCode = 200
2022-01-23 18:09:20 INFO  TaskInfoSelectorMouseListener.createDirectoryRecursive(77) - File created :/Users/user/java/TrainingThings/JavarushPart2/JavaRushTasks/1.JavaSyntax/src/com/javarush/task/pro/task05/task0512
2022-01-23 18:09:21 INFO  ApacheHttpClient.getTask(488) - responseCode = 200
2022-01-23 18:16:26 INFO  ApacheHttpClient.getWebResourceAsStream(502) - responseCode = 200
2022-01-23 18:16:27 INFO  ApacheHttpClient.getTask(488) - responseCode = 200
2022-01-23 18:16:28 INFO  ApacheHttpClient.completed(32) - responseCode = 200
2022-01-23 18:16:28 INFO  ApacheHttpClient.getTask(488) - responseCode = 200
2022-01-23 18:16:34 INFO  ApacheHttpClient.getWebResourceAsStream(502) - responseCode = 200
2022-01-23 18:16:34 WARN  PluginUtil.getCurrentTask(78) - Error while retrieving the task key.
java.lang.StringIndexOutOfBoundsException: String index out of range: -1
	at java.base/java.lang.String.substring(String.java:1837)
	at com.homework.plugin.PluginUtil.getCurrentVirtualFile(PluginUtil.java:158)
	at com.homework.plugin.PluginUtil.getCurrentTask(PluginUtil.java:69)
	at com.homework.plugin.button.ForumButton.actionPerformed(ForumButton.java:47)
	at com.intellij.openapi.actionSystem.ex.ActionUtil.performActionDumbAware(ActionUtil.java:281)
	at com.intellij.openapi.actionSystem.impl.ActionButton.actionPerformed(ActionButton.java:209)
	at com.intellij.openapi.actionSystem.impl.ActionButton.performAction(ActionButton.java:177)
	at com.intellij.openapi.actionSystem.impl.ActionButton.performAction(ActionButton.java:160)
	at com.intellij.openapi.actionSystem.impl.ActionButton.processMouseEvent(ActionButton.java:477)
	at java.desktop/java.awt.Component.processEvent(Component.java:6417)
	at java.desktop/java.awt.Container.processEvent(Container.java:2263)
	at java.desktop/java.awt.Component.dispatchEventImpl(Component.java:5027)
	at java.desktop/java.awt.Container.dispatchEventImpl(Container.java:2321)
	at java.desktop/java.awt.Component.dispatchEvent(Component.java:4859)
	at java.desktop/java.awt.LightweightDispatcher.retargetMouseEvent(Container.java:4918)
	at java.desktop/java.awt.LightweightDispatcher.processMouseEvent(Container.java:4547)
	at java.desktop/java.awt.LightweightDispatcher.dispatchEvent(Container.java:4488)
	at java.desktop/java.awt.Container.dispatchEventImpl(Container.java:2307)
	at java.desktop/java.awt.Window.dispatchEventImpl(Window.java:2780)
	at java.desktop/java.awt.Component.dispatchEvent(Component.java:4859)
	at java.desktop/java.awt.EventQueue.dispatchEventImpl(EventQueue.java:778)
	at java.desktop/java.awt.EventQueue$4.run(EventQueue.java:727)
	at java.desktop/java.awt.EventQueue$4.run(EventQueue.java:721)
	at java.base/java.security.AccessController.doPrivileged(Native Method)
	at java.base/java.security.ProtectionDomain$JavaSecurityAccessImpl.doIntersectionPrivilege(ProtectionDomain.java:85)
	at java.base/java.security.ProtectionDomain$JavaSecurityAccessImpl.doIntersectionPrivilege(ProtectionDomain.java:95)
	at java.desktop/java.awt.EventQueue$5.run(EventQueue.java:751)
	at java.desktop/java.awt.EventQueue$5.run(EventQueue.java:749)
	at java.base/java.security.AccessController.doPrivileged(Native Method)
	at java.base/java.security.ProtectionDomain$JavaSecurityAccessImpl.doIntersectionPrivilege(ProtectionDomain.java:85)
	at java.desktop/java.awt.EventQueue.dispatchEvent(EventQueue.java:748)
	at com.intellij.ide.IdeEventQueue.defaultDispatchEvent(IdeEventQueue.java:976)
	at com.intellij.ide.IdeEventQueue.dispatchMouseEvent(IdeEventQueue.java:911)
	at com.intellij.ide.IdeEventQueue._dispatchEvent(IdeEventQueue.java:840)
	at com.intellij.ide.IdeEventQueue.lambda$dispatchEvent$8(IdeEventQueue.java:454)
	at com.intellij.openapi.progress.impl.CoreProgressManager.computePrioritized(CoreProgressManager.java:773)
	at com.intellij.ide.IdeEventQueue.lambda$dispatchEvent$9(IdeEventQueue.java:453)
	at com.intellij.openapi.application.impl.ApplicationImpl.runIntendedWriteActionOnCurrentThread(ApplicationImpl.java:822)
	at com.intellij.ide.IdeEventQueue.dispatchEvent(IdeEventQueue.java:507)
	at java.desktop/java.awt.EventDispatchThread.pumpOneEventForFilters(EventDispatchThread.java:203)
	at java.desktop/java.awt.EventDispatchThread.pumpEventsForFilter(EventDispatchThread.java:124)
	at java.desktop/java.awt.EventDispatchThread.pumpEventsForHierarchy(EventDispatchThread.java:113)
	at java.desktop/java.awt.EventDispatchThread.pumpEvents(EventDispatchThread.java:109)
	at java.desktop/java.awt.EventDispatchThread.pumpEvents(EventDispatchThread.java:101)
	at java.desktop/java.awt.EventDispatchThread.run(EventDispatchThread.java:90)
2022-01-23 18:16:34 INFO  ApacheHttpClient.getTask(488) - responseCode = 200
2022-01-23 18:19:40 INFO  ApacheHttpClient.getWebResourceAsStream(502) - responseCode = 200
2022-01-23 18:19:40 INFO  ApacheHttpClient.getFilteredTasks(336) - responseCode = 200
2022-01-23 18:19:42 INFO  ApacheHttpClient.getTaskTemplateInfo(353) - responseCode = 200
2022-01-23 18:19:42 INFO  TaskInfoSelectorMouseListener.createDirectoryRecursive(77) - File created :/Users/user/java/TrainingThings/JavarushPart2/JavaRushTasks/1.JavaSyntax/src/com/javarush/task/pro/task05/task0511
2022-01-23 18:19:43 INFO  ApacheHttpClient.getTask(488) - responseCode = 200
2022-01-23 18:23:36 INFO  ApacheHttpClient.getWebResourceAsStream(502) - responseCode = 200
2022-01-23 18:23:38 INFO  ApacheHttpClient.getTask(488) - responseCode = 200
2022-01-23 18:23:38 INFO  ApacheHttpClient.completed(32) - responseCode = 200
2022-01-23 18:23:39 INFO  ApacheHttpClient.getTask(488) - responseCode = 200
2022-01-23 18:28:19 INFO  ApacheHttpClient.getWebResourceAsStream(502) - responseCode = 200
2022-01-23 18:28:20 INFO  ApacheHttpClient.getFilteredTasks(336) - responseCode = 200
2022-01-23 18:28:22 INFO  ApacheHttpClient.getTaskTemplateInfo(353) - responseCode = 200
2022-01-23 18:28:22 INFO  TaskInfoSelectorMouseListener.createDirectoryRecursive(77) - File created :/Users/user/java/TrainingThings/JavarushPart2/JavaRushTasks/1.JavaSyntax/src/com/javarush/task/pro/task05/task0513
2022-01-23 18:28:22 INFO  ApacheHttpClient.getTask(488) - responseCode = 200
2022-01-23 18:29:19 INFO  ApacheHttpClient.getWebResourceAsStream(502) - responseCode = 200
2022-01-23 18:29:19 INFO  ApacheHttpClient.getTask(488) - responseCode = 200
2022-01-23 18:29:23 INFO  ApacheHttpClient.completed(32) - responseCode = 200
2022-01-23 18:29:23 INFO  ApacheHttpClient.getTask(488) - responseCode = 200
2022-01-23 18:29:25 INFO  ApacheHttpClient.getWebResourceAsStream(502) - responseCode = 200
2022-01-23 18:29:25 INFO  ApacheHttpClient.getFilteredTasks(336) - responseCode = 200
2022-01-23 18:29:30 INFO  ApacheHttpClient.getTaskTemplateInfo(353) - responseCode = 200
2022-01-23 18:29:30 INFO  TaskInfoSelectorMouseListener.createDirectoryRecursive(77) - File created :/Users/user/java/TrainingThings/JavarushPart2/JavaRushTasks/1.JavaSyntax/src/com/javarush/task/pro/task05/task0514
2022-01-23 18:29:30 INFO  ApacheHttpClient.getTask(488) - responseCode = 200
2022-01-23 18:29:31 INFO  ApacheHttpClient.getTaskTemplateInfo(353) - responseCode = 200
2022-01-23 18:30:11 INFO  ApacheHttpClient.getWebResourceAsStream(502) - responseCode = 200
2022-01-23 18:30:11 INFO  ApacheHttpClient.getTask(488) - responseCode = 200
2022-01-23 18:30:19 INFO  ApacheHttpClient.completed(32) - responseCode = 200
2022-01-23 18:30:20 INFO  ApacheHttpClient.getTask(488) - responseCode = 200
2022-01-23 18:30:22 INFO  ApacheHttpClient.getWebResourceAsStream(502) - responseCode = 200
2022-01-23 18:30:22 INFO  ApacheHttpClient.getFilteredTasks(336) - responseCode = 200
2022-01-23 18:30:26 INFO  ApacheHttpClient.getTaskTemplateInfo(353) - responseCode = 200
2022-01-23 18:30:26 INFO  TaskInfoSelectorMouseListener.createDirectoryRecursive(77) - File created :/Users/user/java/TrainingThings/JavarushPart2/JavaRushTasks/1.JavaSyntax/src/com/javarush/task/pro/task05/task0515
2022-01-23 18:30:27 INFO  ApacheHttpClient.getTask(488) - responseCode = 200
2022-01-23 18:31:32 INFO  ApacheHttpClient.getWebResourceAsStream(502) - responseCode = 200
2022-01-23 18:31:34 INFO  ApacheHttpClient.completed(32) - responseCode = 200
2022-01-23 18:31:34 INFO  ApacheHttpClient.getTask(488) - responseCode = 200
2022-01-23 18:31:35 INFO  ApacheHttpClient.getTask(488) - responseCode = 200
2022-01-23 18:37:44 INFO  ApacheHttpClient.getWebResourceAsStream(502) - responseCode = 200
2022-01-23 18:37:45 INFO  ApacheHttpClient.getFilteredTasks(336) - responseCode = 200
2022-01-23 18:37:48 INFO  ApacheHttpClient.getTaskTemplateInfo(353) - responseCode = 200
2022-01-23 18:37:48 INFO  TaskInfoSelectorMouseListener.createDirectoryRecursive(77) - File created :/Users/user/java/TrainingThings/JavarushPart2/JavaRushTasks/1.JavaSyntax/src/com/javarush/task/pro/task05/task0516
2022-01-23 18:37:48 INFO  ApacheHttpClient.getTask(488) - responseCode = 200
2022-01-23 18:48:09 INFO  ApacheHttpClient.getWebResourceAsStream(502) - responseCode = 200
2022-01-23 18:48:11 INFO  ApacheHttpClient.getTask(488) - responseCode = 200
2022-01-23 18:48:13 INFO  ApacheHttpClient.completed(32) - responseCode = 200
2022-01-23 18:51:39 INFO  ApacheHttpClient.getWebResourceAsStream(502) - responseCode = 200
2022-01-23 18:51:41 INFO  ApacheHttpClient.getTask(488) - responseCode = 200
2022-01-23 18:51:43 INFO  ApacheHttpClient.completed(32) - responseCode = 200
2022-01-23 18:51:55 INFO  ApacheHttpClient.getWebResourceAsStream(502) - responseCode = 200
2022-01-23 18:51:55 INFO  ApacheHttpClient.getTask(488) - responseCode = 200
2022-01-23 18:57:08 INFO  ApacheHttpClient.getWebResourceAsStream(502) - responseCode = 200
2022-01-23 18:57:10 INFO  ApacheHttpClient.getTask(488) - responseCode = 200
2022-01-23 18:57:12 INFO  ApacheHttpClient.completed(32) - responseCode = 200
2022-01-23 18:57:12 INFO  ApacheHttpClient.getTask(488) - responseCode = 200
2022-01-23 18:58:04 INFO  ApacheHttpClient.getWebResourceAsStream(502) - responseCode = 200
2022-01-23 18:58:05 INFO  ApacheHttpClient.getFilteredTasks(336) - responseCode = 200
2022-01-23 18:58:07 INFO  ApacheHttpClient.getTaskTemplateInfo(353) - responseCode = 200
2022-01-23 18:58:07 INFO  TaskInfoSelectorMouseListener.createDirectoryRecursive(77) - File created :/Users/user/java/TrainingThings/JavarushPart2/JavaRushTasks/1.JavaSyntax/src/com/javarush/task/pro/task05/task0518
2022-01-23 18:58:54 INFO  ApacheHttpClient.getWebResourceAsStream(502) - responseCode = 200
2022-01-23 18:58:55 INFO  ApacheHttpClient.getTask(488) - responseCode = 200
2022-01-23 18:58:57 INFO  ApacheHttpClient.completed(32) - responseCode = 200
2022-01-23 18:58:58 INFO  ApacheHttpClient.getTask(488) - responseCode = 200
2022-01-23 18:59:39 INFO  ApacheHttpClient.getWebResourceAsStream(502) - responseCode = 200
2022-01-23 18:59:39 INFO  ApacheHttpClient.getFilteredTasks(336) - responseCode = 200
2022-01-23 18:59:43 INFO  ApacheHttpClient.getTaskTemplateInfo(353) - responseCode = 200
2022-01-23 18:59:43 INFO  TaskInfoSelectorMouseListener.createDirectoryRecursive(77) - File created :/Users/user/java/TrainingThings/JavarushPart2/JavaRushTasks/1.JavaSyntax/src/com/javarush/task/pro/task05/task0517
2022-01-23 19:06:34 INFO  ApacheHttpClient.getWebResourceAsStream(502) - responseCode = 200
2022-01-23 19:06:35 INFO  ApacheHttpClient.getTask(488) - responseCode = 200
2022-01-23 19:06:40 INFO  ApacheHttpClient.completed(32) - responseCode = 200
2022-01-23 19:06:40 INFO  ApacheHttpClient.getTask(488) - responseCode = 200
2022-01-23 19:06:43 INFO  ApacheHttpClient.getWebResourceAsStream(502) - responseCode = 200
2022-01-23 19:06:43 INFO  ApacheHttpClient.getFilteredTasks(336) - responseCode = 200
2022-01-23 19:06:47 INFO  ApacheHttpClient.getTaskTemplateInfo(353) - responseCode = 200
2022-01-23 19:06:47 INFO  TaskInfoSelectorMouseListener.createDirectoryRecursive(77) - File created :/Users/user/java/TrainingThings/JavarushPart2/JavaRushTasks/1.JavaSyntax/src/com/javarush/task/pro/task05/task0519
2022-01-23 19:06:47 INFO  ApacheHttpClient.getTask(488) - responseCode = 200
2022-01-23 19:13:32 INFO  ApacheHttpClient.getWebResourceAsStream(502) - responseCode = 200
2022-01-23 19:13:34 INFO  ApacheHttpClient.getTask(488) - responseCode = 200
2022-01-23 19:13:35 INFO  ApacheHttpClient.completed(32) - responseCode = 200
2022-01-23 19:14:37 INFO  ApacheHttpClient.getWebResourceAsStream(502) - responseCode = 200
2022-01-23 19:14:38 INFO  ApacheHttpClient.getTask(488) - responseCode = 200
2022-01-23 19:14:41 INFO  ApacheHttpClient.completed(32) - responseCode = 200
2022-01-23 19:14:41 INFO  ApacheHttpClient.getTask(488) - responseCode = 200
2022-01-23 19:14:51 INFO  ApacheHttpClient.getWebResourceAsStream(502) - responseCode = 200
2022-01-23 19:14:51 INFO  ApacheHttpClient.getFilteredTasks(336) - responseCode = 200
